Xcode 16.4
Build version 16F6
DriverKit SDKs:
	DriverKit 24.5                	-sdk driverkit24.5

iOS SDKs:
	iOS 18.5                      	-sdk iphoneos18.5

iOS Simulator SDKs:
	Simulator - iOS 18.5          	-sdk iphonesimulator18.5

macOS SDKs:
	macOS 15.5                    	-sdk macosx15.5
	macOS 15.5                    	-sdk macosx15.5

tvOS SDKs:
	tvOS 18.5                     	-sdk appletvos18.5

tvOS Simulator SDKs:
	Simulator - tvOS 18.5         	-sdk appletvsimulator18.5

visionOS SDKs:
	visionOS 2.5                  	-sdk xros2.5

visionOS Simulator SDKs:
	Simulator - visionOS 2.5      	-sdk xrsimulator2.5

watchOS SDKs:
	watchOS 11.5                  	-sdk watchos11.5

watchOS Simulator SDKs:
	Simulator - watchOS 11.5      	-sdk watchsimulator11.5

